13:03:00 **** Build of project EDI610_demo_project_bsp ****
make -k all 
"Running Make include in microblaze_0/libsrc/bram_v4_1/src"
make -C microblaze_0/libsrc/bram_v4_1/src -s include  "SHELL=CMD" "COMPILER=mb-gcc" "ARCHIVER=mb-ar" "COMPILER_FLAGS= -O2 -c -mcpu=v9.6 -mlittle-endian -mxl-soft-mul" "EXTRA_COMPILER_FLAGS=-g"
"Running Make include in microblaze_0/libsrc/cpu_v2_4/src"
make -C microblaze_0/libsrc/cpu_v2_4/src -s include  "SHELL=CMD" "COMPILER=mb-gcc" "ARCHIVER=mb-ar" "COMPILER_FLAGS= -O2 -c -mcpu=v9.6 -mlittle-endian -mxl-soft-mul" "EXTRA_COMPILER_FLAGS=-g"
"Running Make include in microblaze_0/libsrc/intc_v3_5/src"
make -C microblaze_0/libsrc/intc_v3_5/src -s include  "SHELL=CMD" "COMPILER=mb-gcc" "ARCHIVER=mb-ar" "COMPILER_FLAGS= -O2 -c -mcpu=v9.6 -mlittle-endian -mxl-soft-mul" "EXTRA_COMPILER_FLAGS=-g"
"Running Make include in microblaze_0/libsrc/keyboard_controller_v1_0/src"
make -C microblaze_0/libsrc/keyboard_controller_v1_0/src -s include  "SHELL=CMD" "COMPILER=mb-gcc" "ARCHIVER=mb-ar" "COMPILER_FLAGS= -O2 -c -mcpu=v9.6 -mlittle-endian -mxl-soft-mul" "EXTRA_COMPILER_FLAGS=-g"
"Running Make include in microblaze_0/libsrc/standalone_v5_4/src"
make -C microblaze_0/libsrc/standalone_v5_4/src -s include  "SHELL=CMD" "COMPILER=mb-gcc" "ARCHIVER=mb-ar" "COMPILER_FLAGS= -O2 -c -mcpu=v9.6 -mlittle-endian -mxl-soft-mul" "EXTRA_COMPILER_FLAGS=-g"
"Running Make include in microblaze_0/libsrc/uartlite_v3_2/src"
make -C microblaze_0/libsrc/uartlite_v3_2/src -s include  "SHELL=CMD" "COMPILER=mb-gcc" "ARCHIVER=mb-ar" "COMPILER_FLAGS= -O2 -c -mcpu=v9.6 -mlittle-endian -mxl-soft-mul" "EXTRA_COMPILER_FLAGS=-g"
"Running Make libs in microblaze_0/libsrc/bram_v4_1/src"
make -C microblaze_0/libsrc/bram_v4_1/src -s libs  "SHELL=CMD" "COMPILER=mb-gcc" "ARCHIVER=mb-ar" "COMPILER_FLAGS= -O2 -c -mcpu=v9.6 -mlittle-endian -mxl-soft-mul" "EXTRA_COMPILER_FLAGS=-g"
"Compiling bram"
mb-ar: creating ../../../lib/libxil.a
"Running Make libs in microblaze_0/libsrc/cpu_v2_4/src"
make -C microblaze_0/libsrc/cpu_v2_4/src -s libs  "SHELL=CMD" "COMPILER=mb-gcc" "ARCHIVER=mb-ar" "COMPILER_FLAGS= -O2 -c -mcpu=v9.6 -mlittle-endian -mxl-soft-mul" "EXTRA_COMPILER_FLAGS=-g"
"Compiling cpu"
"Running Make libs in microblaze_0/libsrc/intc_v3_5/src"
make -C microblaze_0/libsrc/intc_v3_5/src -s libs  "SHELL=CMD" "COMPILER=mb-gcc" "ARCHIVER=mb-ar" "COMPILER_FLAGS= -O2 -c -mcpu=v9.6 -mlittle-endian -mxl-soft-mul" "EXTRA_COMPILER_FLAGS=-g"
"Compiling intc"
"Running Make libs in microblaze_0/libsrc/keyboard_controller_v1_0/src"
make -C microblaze_0/libsrc/keyboard_controller_v1_0/src -s libs  "SHELL=CMD" "COMPILER=mb-gcc" "ARCHIVER=mb-ar" "COMPILER_FLAGS= -O2 -c -mcpu=v9.6 -mlittle-endian -mxl-soft-mul" "EXTRA_COMPILER_FLAGS=-g"
"Compiling keyboard_controller..."
"Running Make libs in microblaze_0/libsrc/standalone_v5_4/src"
make -C microblaze_0/libsrc/standalone_v5_4/src -s libs  "SHELL=CMD" "COMPILER=mb-gcc" "ARCHIVER=mb-ar" "COMPILER_FLAGS= -O2 -c -mcpu=v9.6 -mlittle-endian -mxl-soft-mul" "EXTRA_COMPILER_FLAGS=-g"
"Compiling standalone";
"Running Make libs in microblaze_0/libsrc/uartlite_v3_2/src"
make -C microblaze_0/libsrc/uartlite_v3_2/src -s libs  "SHELL=CMD" "COMPILER=mb-gcc" "ARCHIVER=mb-ar" "COMPILER_FLAGS= -O2 -c -mcpu=v9.6 -mlittle-endian -mxl-soft-mul" "EXTRA_COMPILER_FLAGS=-g"
"Compiling uartlite"
'Finished building libraries'

13:03:18 Build Finished (took 18s.152ms)

