#-----------------------------------------------------------
# Webtalk v2016.1 (64-bit)
# SW Build 1538259 on Fri Apr  8 15:45:27 MDT 2016
# 
# Start of session at: Mon Mar 06 11:00:26 2017
# Process ID: 19720
# Current directory: U:/Workspace/vivado/EDI610_demo_project_2/EDI610_demo_project_2.sdk/webtalk
# Command line: wbtcv.exe -mode batch -source sdk_webtalk.tcl
# Log file: U:/Workspace/vivado/EDI610_demo_project_2/EDI610_demo_project_2.sdk/webtalk/webtalk.log
# Journal file: U:/Workspace/vivado/EDI610_demo_project_2/EDI610_demo_project_2.sdk/webtalk\webtalk.jou
#-----------------------------------------------------------
source sdk_webtalk.tcl
# webtalk_init -webtalk_dir U:\\Workspace\\vivado\\EDI610_demo_project_2\\EDI610_demo_project_2.sdk\\webtalk
# webtalk_register_client -client project
# webtalk_add_data -client project -key date_generated -value "må mar 6 11:00:26 2017" -context "software_version_and_target_device"
# webtalk_add_data -client project -key product_version -value "SDK v2016.1" -context "software_version_and_target_device"
# webtalk_add_data -client project -key build_version -value "2016.1" -context "software_version_and_target_device"
# webtalk_add_data -client project -key os_platform -value "amd64" -context "software_version_and_target_device"
# webtalk_add_data -client project -key registration_id -value "" -context "software_version_and_target_device"
# webtalk_add_data -client project -key tool_flow -value "SDK" -context "software_version_and_target_device"
# webtalk_add_data -client project -key beta -value "false" -context "software_version_and_target_device"
# webtalk_add_data -client project -key route_design -value "NA" -context "software_version_and_target_device"
# webtalk_add_data -client project -key target_family -value "NA" -context "software_version_and_target_device"
# webtalk_add_data -client project -key target_device -value "NA" -context "software_version_and_target_device"
# webtalk_add_data -client project -key target_package -value "NA" -context "software_version_and_target_device"
# webtalk_add_data -client project -key target_speed -value "NA" -context "software_version_and_target_device"
# webtalk_add_data -client project -key random_id -value "la9q0dfoi62vp6nsj7m6lb9c0r" -context "software_version_and_target_device"
# webtalk_add_data -client project -key project_id -value "2016.1_7" -context "software_version_and_target_device"
# webtalk_add_data -client project -key project_iteration -value "7" -context "software_version_and_target_device"
# webtalk_add_data -client project -key os_name -value "" -context "user_environment"
# webtalk_add_data -client project -key os_release -value "" -context "user_environment"
# webtalk_add_data -client project -key cpu_name -value "" -context "user_environment"
# webtalk_add_data -client project -key cpu_speed -value "" -context "user_environment"
# webtalk_add_data -client project -key total_processors -value "" -context "user_environment"
# webtalk_add_data -client project -key system_ram -value "" -context "user_environment"
# webtalk_register_client -client sdk
# webtalk_add_data -client sdk -key uid -value "1488794372501" -context "sdk\\\\hardware/1488794372501"
# webtalk_add_data -client sdk -key isZynq -value "false" -context "sdk\\\\hardware/1488794372501"
# webtalk_add_data -client sdk -key Processors -value "1" -context "sdk\\\\hardware/1488794372501"
# webtalk_add_data -client sdk -key VivadoVersion -value "2016.1" -context "sdk\\\\hardware/1488794372501"
# webtalk_add_data -client sdk -key Arch -value "artix7" -context "sdk\\\\hardware/1488794372501"
# webtalk_add_data -client sdk -key Device -value "7a100t" -context "sdk\\\\hardware/1488794372501"
# webtalk_add_data -client sdk -key IsHandoff -value "true" -context "sdk\\\\hardware/1488794372501"
# webtalk_transmit -clientid 737588753 -regid "" -xml U:\\Workspace\\vivado\\EDI610_demo_project_2\\EDI610_demo_project_2.sdk\\webtalk\\usage_statistics_ext_sdk.xml -html U:\\Workspace\\vivado\\EDI610_demo_project_2\\EDI610_demo_project_2.sdk\\webtalk\\usage_statistics_ext_sdk.html -wdm U:\\Workspace\\vivado\\EDI610_demo_project_2\\EDI610_demo_project_2.sdk\\webtalk\\sdk_webtalk.wdm -intro "<H3>SDK Usage Report</H3><BR>"
# webtalk_terminate
INFO: [Common 17-206] Exiting Webtalk at Mon Mar 06 11:00:28 2017...
