11:59:03 INFO  : Launching XSDB server: xsdb.bat -interactive U:\Workspace\vivado\EDI610_demo_project\EDI610_demo_project.sdk\temp_xsdb_launch_script.tcl
11:59:05 INFO  : XSDB server has started successfully.
11:59:06 INFO  : Processing command line option -hwspec U:/Workspace/vivado/EDI610_demo_project/EDI610_demo_project.sdk/mcu_wrapper.hdf.
12:41:17 INFO  : Launching XSDB server: xsdb.bat -interactive U:\Workspace\vivado\EDI610_demo_project\EDI610_demo_project.sdk\temp_xsdb_launch_script.tcl
12:41:18 INFO  : XSDB server has started successfully.
12:41:18 INFO  : Processing command line option -hwspec U:/Workspace/vivado/EDI610_demo_project/EDI610_demo_project.sdk/mcu_wrapper.hdf.
12:41:18 INFO  : Checking for hwspec changes in the project mcu_wrapper_hw_platform_0.
12:43:09 INFO  : Connected to target on host '127.0.0.1' and port '3121'.
12:43:15 INFO  : 'targets -set -filter {jtag_cable_name =~ "Digilent Nexys4 210274592414A" && level==0} -index 0' command is executed.
12:43:18 INFO  : FPGA configured successfully with bitstream "U:/Workspace/vivado/EDI610_demo_project/EDI610_demo_project.sdk/mcu_wrapper_hw_platform_0/download.bit"
13:01:57 INFO  : SDK has detected change in the last modified timestamps for source hardware specification file Source:1484222494798,  Project:1484218630623
13:01:57 INFO  : Project mcu_wrapper_hw_platform_0's source hardware specification located at U:/Workspace/vivado/EDI610_demo_project/EDI610_demo_project.sdk/mcu_wrapper.hdf is now different from the local copy.
		 The local copy will be replaced with the source specification and your workspace will be updated.
13:02:05 INFO  : Copied contents of U:/Workspace/vivado/EDI610_demo_project/EDI610_demo_project.sdk/mcu_wrapper.hdf into \mcu_wrapper_hw_platform_0\system.hdf.
13:02:07 INFO  : Synchronizing projects in the workspace with the hardware platform specification changes.
13:02:07 INFO  : Clearing existing target manager status.
13:02:07 INFO  : Workspace synchronized with the new hardware specification file. Cleaning dependent projects...
13:02:07 WARN  : Linker script will not be updated automatically. Users need to update it manually.
13:03:39 INFO  : Connected to target on host '127.0.0.1' and port '3121'.
13:03:39 INFO  : 'targets -set -filter {jtag_cable_name =~ "Digilent Nexys4 210274592414A" && level==0} -index 0' command is executed.
13:03:42 INFO  : FPGA configured successfully with bitstream "U:/Workspace/vivado/EDI610_demo_project/EDI610_demo_project.sdk/mcu_wrapper_hw_platform_0/download.bit"
13:04:40 INFO  : Processor reset is completed for microblaze_0
13:05:31 INFO  : Processor reset is completed for microblaze_0
15:03:02 ERROR : Unexpected error while parsing XMD response ?: com.google.gson.JsonSyntaxException: com.google.gson.stream.MalformedJsonException: invalid number or unquoted string near 
15:05:27 INFO  : Launching XSDB server: xsdb.bat -interactive U:\Workspace\vivado\EDI610_demo_project\EDI610_demo_project.sdk\temp_xsdb_launch_script.tcl
15:05:29 INFO  : XSDB server has started successfully.
15:05:29 INFO  : Processing command line option -hwspec U:/Workspace/vivado/EDI610_demo_project/EDI610_demo_project.sdk/mcu_wrapper.hdf.
15:05:29 INFO  : Checking for hwspec changes in the project mcu_wrapper_hw_platform_0.
15:12:39 INFO  : SDK has detected change in the last modified timestamps for source hardware specification file Source:1484230088648,  Project:1484222494798
15:12:39 INFO  : Project mcu_wrapper_hw_platform_0's source hardware specification located at U:/Workspace/vivado/EDI610_demo_project/EDI610_demo_project.sdk/mcu_wrapper.hdf is now different from the local copy.
		 The local copy will be replaced with the source specification and your workspace will be updated.
15:12:57 INFO  : Copied contents of U:/Workspace/vivado/EDI610_demo_project/EDI610_demo_project.sdk/mcu_wrapper.hdf into \mcu_wrapper_hw_platform_0\system.hdf.
15:12:58 INFO  : Synchronizing projects in the workspace with the hardware platform specification changes.
15:13:26 INFO  : 
15:13:28 INFO  : Updating hardware inferred compiler options for EDI610_demo_project.
15:13:28 INFO  : Clearing existing target manager status.
15:40:50 INFO  : Connected to target on host '127.0.0.1' and port '3121'.
15:40:55 INFO  : 'targets -set -filter {jtag_cable_name =~ "Digilent Nexys4 210274592414A" && level==0} -index 0' command is executed.
15:40:58 INFO  : FPGA configured successfully with bitstream "U:/Workspace/vivado/EDI610_demo_project/EDI610_demo_project.sdk/mcu_wrapper_hw_platform_0/download.bit"
15:41:14 INFO  : Processor reset is completed for microblaze_0
15:41:14 ERROR : Unexpected error while launching program.
java.lang.RuntimeException: Failed to download ELF file

Unknown Error Occured
    Section, 0x00000050-0x000173ef Not Accessible from Processor I-Side Interface

	at com.xilinx.sdk.targetmanager.internal.TM.downloadELF(TM.java:686)
	at com.xilinx.sdk.debug.core.internal.AppRunner.run(AppRunner.java:129)
	at com.xilinx.sdk.debug.core.XilinxAppLaunchConfigurationDelegate.runApplication(XilinxAppLaunchConfigurationDelegate.java:637)
	at com.xilinx.sdk.debug.core.XilinxAppLaunchConfigurationDelegate.launch(XilinxAppLaunchConfigurationDelegate.java:309)
	at com.xilinx.sdk.debug.ui.XilinxAppLaunchDelegateWrapper.launch(XilinxAppLaunchDelegateWrapper.java:31)
	at org.eclipse.debug.internal.core.LaunchConfiguration.launch(LaunchConfiguration.java:885)
	at org.eclipse.debug.internal.core.LaunchConfiguration.launch(LaunchConfiguration.java:739)
	at org.eclipse.debug.internal.ui.DebugUIPlugin.buildAndLaunch(DebugUIPlugin.java:1039)
	at org.eclipse.debug.internal.ui.DebugUIPlugin$8.run(DebugUIPlugin.java:1256)
	at org.eclipse.core.internal.jobs.Worker.run(Worker.java:55)
15:41:54 ERROR : Unexpected error while parsing XMD response ?: com.google.gson.JsonSyntaxException: com.google.gson.stream.MalformedJsonException: invalid number or unquoted string near 
15:42:13 INFO  : Launching XSDB server: xsdb.bat -interactive U:\Workspace\vivado\EDI610_demo_project\EDI610_demo_project.sdk\temp_xsdb_launch_script.tcl
15:42:14 INFO  : XSDB server has started successfully.
15:44:13 INFO  : Connected to target on host '127.0.0.1' and port '3121'.
15:44:18 INFO  : 'targets -set -filter {jtag_cable_name =~ "Digilent Nexys4 210274592414A" && level==0} -index 0' command is executed.
15:44:21 INFO  : FPGA configured successfully with bitstream "U:/Workspace/vivado/EDI610_demo_project/EDI610_demo_project.sdk/mcu_wrapper_hw_platform_0/download.bit"
15:44:51 INFO  : Processor reset is completed for microblaze_0
15:44:51 ERROR : Unexpected error while launching program.
java.lang.RuntimeException: Failed to download ELF file

Unknown Error Occured
    Section, 0x00000050-0x000173ef Not Accessible from Processor I-Side Interface

	at com.xilinx.sdk.targetmanager.internal.TM.downloadELF(TM.java:686)
	at com.xilinx.sdk.debug.core.internal.AppRunner.run(AppRunner.java:129)
	at com.xilinx.sdk.debug.core.XilinxAppLaunchConfigurationDelegate.runApplication(XilinxAppLaunchConfigurationDelegate.java:637)
	at com.xilinx.sdk.debug.core.XilinxAppLaunchConfigurationDelegate.launch(XilinxAppLaunchConfigurationDelegate.java:309)
	at com.xilinx.sdk.debug.ui.XilinxAppLaunchDelegateWrapper.launch(XilinxAppLaunchDelegateWrapper.java:31)
	at org.eclipse.debug.internal.core.LaunchConfiguration.launch(LaunchConfiguration.java:885)
	at org.eclipse.debug.internal.core.LaunchConfiguration.launch(LaunchConfiguration.java:739)
	at org.eclipse.debug.internal.ui.DebugUIPlugin.buildAndLaunch(DebugUIPlugin.java:1039)
	at org.eclipse.debug.internal.ui.DebugUIPlugin$8.run(DebugUIPlugin.java:1256)
	at org.eclipse.core.internal.jobs.Worker.run(Worker.java:55)
15:53:00 INFO  : No changes in MSS file content so not generating sources.
15:54:07 ERROR : Unexpected error while parsing XMD response ?: com.google.gson.JsonSyntaxException: com.google.gson.stream.MalformedJsonException: invalid number or unquoted string near 
15:54:24 INFO  : Launching XSDB server: xsdb.bat -interactive U:\Workspace\vivado\EDI610_demo_project\EDI610_demo_project.sdk\temp_xsdb_launch_script.tcl
15:54:25 INFO  : XSDB server has started successfully.
15:54:49 INFO  : Connected to target on host '127.0.0.1' and port '3121'.
15:54:54 INFO  : 'targets -set -filter {jtag_cable_name =~ "Digilent Nexys4 210274592414A" && level==0} -index 0' command is executed.
15:54:57 INFO  : FPGA configured successfully with bitstream "U:/Workspace/vivado/EDI610_demo_project/EDI610_demo_project.sdk/mcu_wrapper_hw_platform_0/download.bit"
15:55:18 INFO  : Processor reset is completed for microblaze_0
16:14:53 INFO  : SDK has detected change in the last modified timestamps for source hardware specification file Source:1484233969178,  Project:1484230088648
16:14:53 INFO  : Project mcu_wrapper_hw_platform_0's source hardware specification located at U:/Workspace/vivado/EDI610_demo_project/EDI610_demo_project.sdk/mcu_wrapper.hdf is now different from the local copy.
		 The local copy will be replaced with the source specification and your workspace will be updated.
16:14:57 INFO  : Copied contents of U:/Workspace/vivado/EDI610_demo_project/EDI610_demo_project.sdk/mcu_wrapper.hdf into \mcu_wrapper_hw_platform_0\system.hdf.
16:15:00 INFO  : Synchronizing projects in the workspace with the hardware platform specification changes.
16:15:35 INFO  : 
16:15:37 INFO  : Updating hardware inferred compiler options for EDI610_demo.
16:15:37 INFO  : Clearing existing target manager status.
16:15:37 INFO  : Closing and re-opening the MSS file of ther project EDI610_bsp
16:15:38 INFO  : Workspace synchronized with the new hardware specification file. Cleaning dependent projects...
16:15:41 WARN  : Linker script will not be updated automatically. Users need to update it manually.
16:16:20 INFO  : Processor reset is completed for microblaze_0
16:17:29 INFO  : Time out for XMD transaction is 60000
If you want to increase the timeout value, goto Windows-> Preferences -> Xilinx SDK -> XMD Startup
16:17:29 ERROR : Timeout occured while waiting to get reply for command "close_terminal"
16:17:29 ERROR : Error while closing JTAG UART server: 
16:20:03 INFO  : Processor reset is completed for microblaze_0
16:20:23 INFO  : Processor reset is completed for microblaze_0
16:22:07 INFO  : microblaze_0 Processor is in use. Please stop existing Run or Debug sessions before launching.
16:22:11 INFO  : Processor reset is completed for microblaze_0
16:28:28 INFO  : Processor reset is completed for microblaze_0
08:27:55 INFO  : SDK has detected change in the last modified timestamps for source hardware specification file Source:1484292474504,  Project:1484233969178
08:27:55 INFO  : Project mcu_wrapper_hw_platform_0's source hardware specification located at U:/Workspace/vivado/EDI610_demo_project/EDI610_demo_project.sdk/mcu_wrapper.hdf is now different from the local copy.
		 The local copy will be replaced with the source specification and your workspace will be updated.
08:28:02 INFO  : Copied contents of U:/Workspace/vivado/EDI610_demo_project/EDI610_demo_project.sdk/mcu_wrapper.hdf into \mcu_wrapper_hw_platform_0\system.hdf.
08:28:03 INFO  : Synchronizing projects in the workspace with the hardware platform specification changes.
08:28:30 INFO  : 
08:28:32 INFO  : Updating hardware inferred compiler options for EDI610_demo.
08:28:32 INFO  : Clearing existing target manager status.
08:28:32 INFO  : Closing and re-opening the MSS file of ther project EDI610_bsp
08:28:33 INFO  : Workspace synchronized with the new hardware specification file. Cleaning dependent projects...
08:28:35 WARN  : Linker script will not be updated automatically. Users need to update it manually.
08:29:22 INFO  : Connected to target on host '127.0.0.1' and port '3121'.
08:29:22 INFO  : 'targets -set -filter {jtag_cable_name =~ "Digilent Nexys4 210274592414A" && level==0} -index 0' command is executed.
08:29:25 INFO  : FPGA configured successfully with bitstream "U:/Workspace/vivado/EDI610_demo_project/EDI610_demo_project.sdk/mcu_wrapper_hw_platform_0/download.bit"
08:29:35 INFO  : Processor reset is completed for microblaze_0
08:33:26 ERROR : Unexpected error while parsing XMD response ?: com.google.gson.JsonSyntaxException: com.google.gson.stream.MalformedJsonException: invalid number or unquoted string near 
08:33:46 INFO  : Launching XSDB server: xsdb.bat -interactive U:\Workspace\vivado\EDI610_demo_project\EDI610_demo_project.sdk\temp_xsdb_launch_script.tcl
08:33:47 INFO  : XSDB server has started successfully.
08:33:48 INFO  : Processing command line option -hwspec U:/Workspace/vivado/EDI610_demo_project/EDI610_demo_project.sdk/mcu_wrapper.hdf.
08:33:48 INFO  : Checking for hwspec changes in the project mcu_wrapper_hw_platform_0.
08:37:29 INFO  : Connected to target on host '127.0.0.1' and port '3121'.
08:37:35 INFO  : 'targets -set -filter {jtag_cable_name =~ "Digilent Nexys4 210274592414A" && level==0} -index 0' command is executed.
08:37:38 INFO  : FPGA configured successfully with bitstream "U:/Workspace/vivado/EDI610_demo_project/EDI610_demo_project.sdk/mcu_wrapper_hw_platform_0/download.bit"
08:38:00 INFO  : Processor reset is completed for microblaze_0
08:41:02 INFO  : Processor reset is completed for microblaze_0
08:43:49 INFO  : Processor reset is completed for microblaze_0
08:46:03 INFO  : microblaze_0 Processor is in use. Please stop existing Run or Debug sessions before launching.
08:46:05 INFO  : Processor reset is completed for microblaze_0
08:47:29 INFO  : Processor reset is completed for microblaze_0
08:47:58 INFO  : Processor reset is completed for microblaze_0
08:48:39 INFO  : Processor reset is completed for microblaze_0
08:48:53 INFO  : Time out for XMD transaction is 60000
If you want to increase the timeout value, goto Windows-> Preferences -> Xilinx SDK -> XMD Startup
08:48:53 ERROR : Timeout occured while waiting to get reply for command "close_terminal"
08:48:53 ERROR : Error while closing JTAG UART server: 
08:48:54 ERROR : Unexpected error while parsing XMD response ?: com.google.gson.JsonSyntaxException: com.google.gson.stream.MalformedJsonException: invalid number or unquoted string near 
08:49:24 INFO  : Launching XSDB server: xsdb.bat -interactive U:\Workspace\vivado\EDI610_demo_project\EDI610_demo_project.sdk\temp_xsdb_launch_script.tcl
08:49:25 INFO  : XSDB server has started successfully.
08:49:25 INFO  : Processing command line option -hwspec U:/Workspace/vivado/EDI610_demo_project/EDI610_demo_project.sdk/mcu_wrapper.hdf.
08:49:25 INFO  : Checking for hwspec changes in the project mcu_wrapper_hw_platform_0.
08:52:59 INFO  : Connected to target on host '127.0.0.1' and port '3121'.
08:53:05 INFO  : 'targets -set -filter {jtag_cable_name =~ "Digilent Nexys4 210274592414A" && level==0} -index 0' command is executed.
08:53:08 INFO  : FPGA configured successfully with bitstream "U:/Workspace/vivado/EDI610_demo_project/EDI610_demo_project.sdk/mcu_wrapper_hw_platform_0/download.bit"
08:54:41 INFO  : Processor reset is completed for microblaze_0
09:12:02 INFO  : Processor reset is completed for microblaze_0
09:59:54 INFO  : SDK has detected change in the last modified timestamps for source hardware specification file Source:1484297994754,  Project:1484292474504
09:59:54 INFO  : Project mcu_wrapper_hw_platform_0's source hardware specification located at U:/Workspace/vivado/EDI610_demo_project/EDI610_demo_project.sdk/mcu_wrapper.hdf is now different from the local copy.
		 The local copy will be replaced with the source specification and your workspace will be updated.
10:00:51 INFO  : Copied contents of U:/Workspace/vivado/EDI610_demo_project/EDI610_demo_project.sdk/mcu_wrapper.hdf into \mcu_wrapper_hw_platform_0\system.hdf.
10:00:51 INFO  : Synchronizing projects in the workspace with the hardware platform specification changes.
10:01:17 INFO  : 
10:01:18 INFO  : Updating hardware inferred compiler options for EDI610_demo.
10:01:18 INFO  : Clearing existing target manager status.
10:01:44 INFO  : Connected to target on host '127.0.0.1' and port '3121'.
10:01:45 INFO  : 'targets -set -filter {jtag_cable_name =~ "Digilent Nexys4 210274592414A" && level==0} -index 0' command is executed.
10:01:48 INFO  : FPGA configured successfully with bitstream "U:/Workspace/vivado/EDI610_demo_project/EDI610_demo_project.sdk/mcu_wrapper_hw_platform_0/download.bit"
10:01:58 INFO  : Processor reset is completed for microblaze_0
10:04:18 INFO  : Connected to target on host '127.0.0.1' and port '3121'.
10:04:18 INFO  : 'targets -set -filter {jtag_cable_name =~ "Digilent Nexys4 210274592414A" && level==0} -index 0' command is executed.
10:04:21 INFO  : FPGA configured successfully with bitstream "U:/Workspace/vivado/EDI610_demo_project/EDI610_demo_project.sdk/mcu_wrapper_hw_platform_0/download.bit"
10:04:44 INFO  : Processor reset is completed for microblaze_0
10:05:04 INFO  : Processor reset is completed for microblaze_0
10:05:15 ERROR : Unexpected error while parsing XMD response ?: com.google.gson.JsonSyntaxException: com.google.gson.stream.MalformedJsonException: invalid number or unquoted string near 
10:05:41 INFO  : Launching XSDB server: xsdb.bat -interactive U:\Workspace\vivado\EDI610_demo_project\EDI610_demo_project.sdk\temp_xsdb_launch_script.tcl
10:05:42 INFO  : XSDB server has started successfully.
10:05:42 INFO  : Processing command line option -hwspec U:/Workspace/vivado/EDI610_demo_project/EDI610_demo_project.sdk/mcu_wrapper.hdf.
10:05:42 INFO  : Checking for hwspec changes in the project mcu_wrapper_hw_platform_0.
10:06:06 INFO  : Connected to target on host '127.0.0.1' and port '3121'.
10:06:08 INFO  : 'targets -set -filter {jtag_cable_name =~ "Digilent Nexys4 210274592414A" && level==0} -index 0' command is executed.
10:06:11 INFO  : FPGA configured successfully with bitstream "U:/Workspace/vivado/EDI610_demo_project/EDI610_demo_project.sdk/mcu_wrapper_hw_platform_0/download.bit"
10:06:20 INFO  : Processor reset is completed for microblaze_0
11:10:33 INFO  : SDK has detected change in the last modified timestamps for source hardware specification file Source:1484302208354,  Project:1484297994754
11:10:33 INFO  : Project mcu_wrapper_hw_platform_0's source hardware specification located at U:/Workspace/vivado/EDI610_demo_project/EDI610_demo_project.sdk/mcu_wrapper.hdf is now different from the local copy.
		 The local copy will be replaced with the source specification and your workspace will be updated.
11:10:39 INFO  : Copied contents of U:/Workspace/vivado/EDI610_demo_project/EDI610_demo_project.sdk/mcu_wrapper.hdf into \mcu_wrapper_hw_platform_0\system.hdf.
11:10:42 INFO  : Synchronizing projects in the workspace with the hardware platform specification changes.
11:11:09 INFO  : 
11:11:10 INFO  : Updating hardware inferred compiler options for EDI610_demo.
11:11:10 INFO  : Clearing existing target manager status.
11:14:22 INFO  : Connected to target on host '127.0.0.1' and port '3121'.
11:14:22 INFO  : 'targets -set -filter {jtag_cable_name =~ "Digilent Nexys4 210274592414A" && level==0} -index 0' command is executed.
11:14:24 INFO  : FPGA configured successfully with bitstream "U:/Workspace/vivado/EDI610_demo_project/EDI610_demo_project.sdk/mcu_wrapper_hw_platform_0/download.bit"
11:14:42 INFO  : Processor reset is completed for microblaze_0
11:14:59 ERROR : Unexpected error while parsing XMD response ?: com.google.gson.JsonSyntaxException: com.google.gson.stream.MalformedJsonException: invalid number or unquoted string near 
11:15:13 INFO  : Launching XSDB server: xsdb.bat -interactive U:\Workspace\vivado\EDI610_demo_project\EDI610_demo_project.sdk\temp_xsdb_launch_script.tcl
11:15:14 INFO  : XSDB server has started successfully.
11:15:14 INFO  : Processing command line option -hwspec U:/Workspace/vivado/EDI610_demo_project/EDI610_demo_project.sdk/mcu_wrapper.hdf.
11:15:14 INFO  : Checking for hwspec changes in the project mcu_wrapper_hw_platform_0.
11:15:32 INFO  : Processor reset is completed for microblaze_0
12:56:01 INFO  : Launching XSDB server: xsdb.bat -interactive U:\Workspace\vivado\EDI610_demo_project\EDI610_demo_project.sdk\temp_xsdb_launch_script.tcl
12:56:02 INFO  : XSDB server has started successfully.
12:56:02 INFO  : Processing command line option -hwspec U:/Workspace/vivado/EDI610_demo_project/EDI610_demo_project.sdk/mcu_wrapper.hdf.
12:56:02 INFO  : Checking for hwspec changes in the project mcu_wrapper_hw_platform_0.
12:56:26 INFO  : Connected to target on host '127.0.0.1' and port '3121'.
12:56:26 INFO  : 'targets -set -filter {jtag_cable_name =~ "Digilent Nexys4 210274592414A" && level==0} -index 0' command is executed.
12:56:29 INFO  : FPGA configured successfully with bitstream "U:/Workspace/vivado/EDI610_demo_project/EDI610_demo_project.sdk/mcu_wrapper_hw_platform_0/download.bit"
12:56:41 INFO  : Processor reset is completed for microblaze_0
12:59:29 INFO  : microblaze_0 Processor is in use. Please stop existing Run or Debug sessions before launching.
12:59:31 INFO  : Processor reset is completed for microblaze_0
15:23:16 INFO  : Connected to target on host '127.0.0.1' and port '3121'.
15:23:17 INFO  : 'targets -set -filter {jtag_cable_name =~ "Digilent Nexys4 210274592414A" && level==0} -index 0' command is executed.
15:23:19 INFO  : FPGA configured successfully with bitstream "U:/Workspace/vivado/EDI610_demo_project/EDI610_demo_project.sdk/mcu_wrapper_hw_platform_0/download.bit"
15:23:26 INFO  : Processor reset is completed for microblaze_0
15:23:44 ERROR : Unexpected error while parsing XMD response ?: com.google.gson.JsonSyntaxException: com.google.gson.stream.MalformedJsonException: invalid number or unquoted string near 
15:24:04 INFO  : Launching XSDB server: xsdb.bat -interactive U:\Workspace\vivado\EDI610_demo_project\EDI610_demo_project.sdk\temp_xsdb_launch_script.tcl
15:24:05 INFO  : XSDB server has started successfully.
15:24:05 INFO  : Processing command line option -hwspec U:/Workspace/vivado/EDI610_demo_project/EDI610_demo_project.sdk/mcu_wrapper.hdf.
15:24:05 INFO  : Checking for hwspec changes in the project mcu_wrapper_hw_platform_0.
15:24:16 INFO  : Processor reset is completed for microblaze_0
15:24:18 INFO  : microblaze_0 Processor is in use. Please stop existing Run or Debug sessions before launching.
15:24:34 INFO  : microblaze_0 Processor is in use. Please stop existing Run or Debug sessions before launching.
15:24:36 INFO  : Processor reset is completed for microblaze_0
15:28:08 INFO  : FPGA Cable Disconnected. All active launches will be terminated.
13:30:39 ERROR : Unexpected error while parsing XMD response ?: com.google.gson.JsonSyntaxException: com.google.gson.stream.MalformedJsonException: invalid number or unquoted string near 
15:22:47 INFO  : Launching XSDB server: xsdb.bat -interactive U:\Workspace\vivado\EDI610_demo_project\EDI610_demo_project.sdk\temp_xsdb_launch_script.tcl
15:22:49 INFO  : XSDB server has started successfully.
15:22:50 INFO  : Processing command line option -hwspec U:/Workspace/vivado/EDI610_demo_project/EDI610_demo_project.sdk/mcu_wrapper.hdf.
15:22:50 INFO  : Checking for hwspec changes in the project mcu_wrapper_hw_platform_0.
15:22:51 INFO  : SDK has detected change in the last modified timestamps for source hardware specification file Source:1484576479052,  Project:1484306034609
15:22:51 INFO  : The hardware specification for project 'mcu_wrapper_hw_platform_0' is different from U:/Workspace/vivado/EDI610_demo_project/EDI610_demo_project.sdk/mcu_wrapper.hdf.
15:22:51 INFO  : Copied contents of U:/Workspace/vivado/EDI610_demo_project/EDI610_demo_project.sdk/mcu_wrapper.hdf into \mcu_wrapper_hw_platform_0\system.hdf.
15:22:52 INFO  : Synchronizing projects in the workspace with the hardware platform specification changes.
15:23:19 INFO  : 
15:23:21 INFO  : Updating hardware inferred compiler options for EDI610_demo.
15:23:21 INFO  : Clearing existing target manager status.
15:23:22 INFO  : Workspace synchronized with the new hardware specification file. Cleaning dependent projects...
15:23:25 WARN  : Linker script will not be updated automatically. Users need to update it manually.
15:24:33 INFO  : Connected to target on host '127.0.0.1' and port '3121'.
15:24:33 INFO  : 'targets -set -filter {jtag_cable_name =~ "Digilent Nexys4 210274592414A" && level==0} -index 0' command is executed.
15:24:37 INFO  : FPGA configured successfully with bitstream "U:/Workspace/vivado/EDI610_demo_project/EDI610_demo_project.sdk/mcu_wrapper_hw_platform_0/download.bit"
15:24:47 INFO  : Processor reset is completed for microblaze_0
15:58:54 INFO  : FPGA Cable Disconnected. All active launches will be terminated.
11:15:39 INFO  : SDK has detected change in the last modified timestamps for source hardware specification file Source:1484648102091,  Project:1484576479052
11:15:39 INFO  : Project mcu_wrapper_hw_platform_0's source hardware specification located at U:/Workspace/vivado/EDI610_demo_project/EDI610_demo_project.sdk/mcu_wrapper.hdf is now different from the local copy.
		 The local copy will be replaced with the source specification and your workspace will be updated.
11:15:45 INFO  : Copied contents of U:/Workspace/vivado/EDI610_demo_project/EDI610_demo_project.sdk/mcu_wrapper.hdf into \mcu_wrapper_hw_platform_0\system.hdf.
11:15:47 INFO  : Synchronizing projects in the workspace with the hardware platform specification changes.
11:16:11 INFO  : 
11:16:13 INFO  : Updating hardware inferred compiler options for EDI610_demo.
11:16:13 INFO  : Clearing existing target manager status.
11:16:13 INFO  : Workspace synchronized with the new hardware specification file. Cleaning dependent projects...
11:16:15 WARN  : Linker script will not be updated automatically. Users need to update it manually.
11:16:58 INFO  : Connected to target on host '127.0.0.1' and port '3121'.
11:16:58 INFO  : 'targets -set -filter {jtag_cable_name =~ "Digilent Nexys4 210274592414A" && level==0} -index 0' command is executed.
11:17:00 INFO  : FPGA configured successfully with bitstream "U:/Workspace/vivado/EDI610_demo_project/EDI610_demo_project.sdk/mcu_wrapper_hw_platform_0/download.bit"
11:17:10 INFO  : Processor reset is completed for microblaze_0
11:25:39 INFO  : microblaze_0 Processor is in use. Please stop existing Run or Debug sessions before launching.
11:25:42 INFO  : Processor reset is completed for microblaze_0
11:26:31 INFO  : microblaze_0 Processor is in use. Please stop existing Run or Debug sessions before launching.
11:26:33 INFO  : Processor reset is completed for microblaze_0
11:26:52 INFO  : microblaze_0 Processor is in use. Please stop existing Run or Debug sessions before launching.
11:26:53 INFO  : Processor reset is completed for microblaze_0
11:27:33 INFO  : Time out for XMD transaction is 60000
If you want to increase the timeout value, goto Windows-> Preferences -> Xilinx SDK -> XMD Startup
11:27:33 ERROR : Timeout occured while waiting to get reply for command "close_terminal"
11:27:33 ERROR : Error while closing JTAG UART server: 
11:28:49 INFO  : FPGA Cable Disconnected. All active launches will be terminated.
12:56:55 INFO  : SDK has detected change in the last modified timestamps for source hardware specification file Source:1484653953979,  Project:1484648102091
12:56:55 INFO  : Project mcu_wrapper_hw_platform_0's source hardware specification located at U:/Workspace/vivado/EDI610_demo_project/EDI610_demo_project.sdk/mcu_wrapper.hdf is now different from the local copy.
		 The local copy will be replaced with the source specification and your workspace will be updated.
12:56:57 INFO  : Copied contents of U:/Workspace/vivado/EDI610_demo_project/EDI610_demo_project.sdk/mcu_wrapper.hdf into \mcu_wrapper_hw_platform_0\system.hdf.
12:56:58 INFO  : Synchronizing projects in the workspace with the hardware platform specification changes.
12:57:24 INFO  : 
12:57:25 INFO  : Updating hardware inferred compiler options for EDI610_demo.
12:57:25 INFO  : Clearing existing target manager status.
12:57:25 INFO  : Closing and re-opening the MSS file of ther project EDI610_bsp
12:57:27 INFO  : Workspace synchronized with the new hardware specification file. Cleaning dependent projects...
12:57:29 WARN  : Linker script will not be updated automatically. Users need to update it manually.
12:58:32 INFO  : Connected to target on host '127.0.0.1' and port '3121'.
12:58:32 INFO  : 'targets -set -filter {jtag_cable_name =~ "Digilent Nexys4 210274592414A" && level==0} -index 0' command is executed.
12:58:35 INFO  : FPGA configured successfully with bitstream "U:/Workspace/vivado/EDI610_demo_project/EDI610_demo_project.sdk/mcu_wrapper_hw_platform_0/download.bit"
12:58:47 INFO  : Processor reset is completed for microblaze_0
13:00:10 INFO  : microblaze_0 Processor is in use. Please stop existing Run or Debug sessions before launching.
13:00:12 INFO  : Processor reset is completed for microblaze_0
13:00:40 INFO  : microblaze_0 Processor is in use. Please stop existing Run or Debug sessions before launching.
13:00:41 INFO  : Processor reset is completed for microblaze_0
13:11:38 INFO  : microblaze_0 Processor is in use. Please stop existing Run or Debug sessions before launching.
13:11:40 INFO  : Processor reset is completed for microblaze_0
13:11:57 INFO  : 'targets -set -filter {jtag_cable_name =~ "Digilent Nexys4 210274592414A" && level==0} -index 0' command is executed.
13:11:57 INFO  : 'fpga -state' command is executed.
13:11:57 INFO  : Connected to target on host '127.0.0.1' and port '3121'.
13:11:58 ERROR : no targets found with "name =~ "microblaze*#0" && bscan=="USER2"  && jtag_cable_name =~ "Digilent Nexys4 210274592414A"". available targets:
  1* xc7a100t
     2  Debug Module at USER2
        3  MicroBlaze #0 (Access denied) (Running)
13:11:58 INFO  : ----------------XSDB Script----------------
connect -url tcp:127.0.0.1:3121
targets -set -nocase -filter {name =~ "microblaze*#0" && bscan=="USER2"  && jtag_cable_name =~ "Digilent Nexys4 210274592414A"} -index 0
----------------End of Script----------------

13:12:12 INFO  : Processor reset is completed for microblaze_0
13:12:40 INFO  : Connected to target on host '127.0.0.1' and port '3121'.
13:12:40 INFO  : 'targets -set -filter {jtag_cable_name =~ "Digilent Nexys4 210274592414A" && level==0} -index 0' command is executed.
13:12:45 INFO  : FPGA configured successfully with bitstream "U:/Workspace/vivado/EDI610_demo_project/EDI610_demo_project.sdk/mcu_wrapper_hw_platform_0/download.bit"
13:12:54 INFO  : Processor reset is completed for microblaze_0
13:49:12 INFO  : SDK has detected change in the last modified timestamps for source hardware specification file Source:1484656802469,  Project:1484653953979
13:49:12 INFO  : Project mcu_wrapper_hw_platform_0's source hardware specification located at U:/Workspace/vivado/EDI610_demo_project/EDI610_demo_project.sdk/mcu_wrapper.hdf is now different from the local copy.
		 The local copy will be replaced with the source specification and your workspace will be updated.
13:49:14 INFO  : Copied contents of U:/Workspace/vivado/EDI610_demo_project/EDI610_demo_project.sdk/mcu_wrapper.hdf into \mcu_wrapper_hw_platform_0\system.hdf.
13:49:15 INFO  : Synchronizing projects in the workspace with the hardware platform specification changes.
13:49:38 INFO  : 
13:49:40 INFO  : Updating hardware inferred compiler options for EDI610_demo.
13:49:40 INFO  : Clearing existing target manager status.
13:49:40 INFO  : Closing and re-opening the MSS file of ther project EDI610_bsp
13:49:41 INFO  : Workspace synchronized with the new hardware specification file. Cleaning dependent projects...
13:49:43 WARN  : Linker script will not be updated automatically. Users need to update it manually.
13:53:00 INFO  : Connected to target on host '127.0.0.1' and port '3121'.
13:53:01 INFO  : 'targets -set -filter {jtag_cable_name =~ "Digilent Nexys4 210274592414A" && level==0} -index 0' command is executed.
13:53:06 INFO  : FPGA configured successfully with bitstream "U:/Workspace/vivado/EDI610_demo_project/EDI610_demo_project.sdk/mcu_wrapper_hw_platform_0/download.bit"
13:53:26 INFO  : Processor reset is completed for microblaze_0
13:54:47 INFO  : microblaze_0 Processor is in use. Please stop existing Run or Debug sessions before launching.
13:54:50 INFO  : Processor reset is completed for microblaze_0
13:55:14 INFO  : microblaze_0 Processor is in use. Please stop existing Run or Debug sessions before launching.
13:55:16 INFO  : Processor reset is completed for microblaze_0
13:55:53 INFO  : microblaze_0 Processor is in use. Please stop existing Run or Debug sessions before launching.
13:55:56 INFO  : Processor reset is completed for microblaze_0
13:59:08 INFO  : Connected to target on host '127.0.0.1' and port '3121'.
13:59:08 INFO  : 'targets -set -filter {jtag_cable_name =~ "Digilent Nexys4 210274592414A" && level==0} -index 0' command is executed.
13:59:12 INFO  : FPGA configured successfully with bitstream "U:/Workspace/vivado/EDI610_demo_project/EDI610_demo_project.sdk/mcu_wrapper_hw_platform_0/download.bit"
13:59:17 INFO  : microblaze_0 Processor is in use. Please stop existing Run or Debug sessions before launching.
13:59:20 INFO  : Processor reset is completed for microblaze_0
13:59:50 INFO  : Connected to target on host '127.0.0.1' and port '3121'.
13:59:50 INFO  : 'targets -set -filter {jtag_cable_name =~ "Digilent Nexys4 210274592414A" && level==0} -index 0' command is executed.
13:59:53 INFO  : FPGA configured successfully with bitstream "U:/Workspace/vivado/EDI610_demo_project/EDI610_demo_project.sdk/mcu_wrapper_hw_platform_0/download.bit"
13:59:57 INFO  : microblaze_0 Processor is in use. Please stop existing Run or Debug sessions before launching.
14:00:59 INFO  : Time out for XMD transaction is 60000
If you want to increase the timeout value, goto Windows-> Preferences -> Xilinx SDK -> XMD Startup
14:00:59 ERROR : Timeout occured while waiting to get reply for command "xreset 0 0x80"
14:00:59 ERROR : Unexpected error while launching program.
java.lang.RuntimeException: 
	at com.xilinx.sdk.targetmanager.internal.TM.doProcessorReset(TM.java:1011)
	at com.xilinx.sdk.debug.core.XilinxAppLaunchConfigurationDelegate.runTargetSetup(XilinxAppLaunchConfigurationDelegate.java:455)
	at com.xilinx.sdk.debug.core.XilinxAppLaunchConfigurationDelegate.runApplication(XilinxAppLaunchConfigurationDelegate.java:616)
	at com.xilinx.sdk.debug.core.XilinxAppLaunchConfigurationDelegate.launch(XilinxAppLaunchConfigurationDelegate.java:309)
	at com.xilinx.sdk.debug.ui.XilinxAppLaunchDelegateWrapper.launch(XilinxAppLaunchDelegateWrapper.java:31)
	at org.eclipse.debug.internal.core.LaunchConfiguration.launch(LaunchConfiguration.java:885)
	at org.eclipse.debug.internal.core.LaunchConfiguration.launch(LaunchConfiguration.java:739)
	at org.eclipse.debug.internal.ui.DebugUIPlugin.buildAndLaunch(DebugUIPlugin.java:1039)
	at org.eclipse.debug.internal.ui.DebugUIPlugin$8.run(DebugUIPlugin.java:1256)
	at org.eclipse.core.internal.jobs.Worker.run(Worker.java:55)
16:06:32 INFO  : FPGA Cable Disconnected. All active launches will be terminated.
09:34:19 INFO  : Connected to target on host '127.0.0.1' and port '3121'.
09:34:19 INFO  : 'targets -set -filter {jtag_cable_name =~ "Digilent Nexys4 210274592414A" && level==0} -index 0' command is executed.
09:34:22 INFO  : FPGA configured successfully with bitstream "U:/Workspace/vivado/EDI610_demo_project/EDI610_demo_project.sdk/mcu_wrapper_hw_platform_0/download.bit"
09:34:30 INFO  : Processor reset is completed for microblaze_0
09:36:28 INFO  : microblaze_0 Processor is in use. Please stop existing Run or Debug sessions before launching.
09:36:32 INFO  : Processor reset is completed for microblaze_0
09:37:32 INFO  : Time out for XMD transaction is 60000
If you want to increase the timeout value, goto Windows-> Preferences -> Xilinx SDK -> XMD Startup
09:37:32 ERROR : Timeout occured while waiting to get reply for command "close_terminal"
09:37:32 ERROR : Error while closing JTAG UART server: 
09:41:19 INFO  : microblaze_0 Processor is in use. Please stop existing Run or Debug sessions before launching.
09:41:21 INFO  : Processor reset is completed for microblaze_0
09:43:04 INFO  : microblaze_0 Processor is in use. Please stop existing Run or Debug sessions before launching.
09:43:06 INFO  : Processor reset is completed for microblaze_0
09:44:06 INFO  : Time out for XMD transaction is 60000
If you want to increase the timeout value, goto Windows-> Preferences -> Xilinx SDK -> XMD Startup
09:44:06 ERROR : Timeout occured while waiting to get reply for command "close_terminal"
09:44:06 ERROR : Error while closing JTAG UART server: 
09:44:40 INFO  : microblaze_0 Processor is in use. Please stop existing Run or Debug sessions before launching.
09:44:43 INFO  : Processor reset is completed for microblaze_0
09:45:03 INFO  : microblaze_0 Processor is in use. Please stop existing Run or Debug sessions before launching.
09:45:07 INFO  : Processor reset is completed for microblaze_0
09:45:33 INFO  : microblaze_0 Processor is in use. Please stop existing Run or Debug sessions before launching.
09:45:34 INFO  : Processor reset is completed for microblaze_0
09:46:24 INFO  : microblaze_0 Processor is in use. Please stop existing Run or Debug sessions before launching.
09:46:26 INFO  : Processor reset is completed for microblaze_0
09:46:40 INFO  : microblaze_0 Processor is in use. Please stop existing Run or Debug sessions before launching.
09:46:42 INFO  : Processor reset is completed for microblaze_0
09:50:14 INFO  : microblaze_0 Processor is in use. Please stop existing Run or Debug sessions before launching.
09:50:16 INFO  : Processor reset is completed for microblaze_0
10:14:06 INFO  : microblaze_0 Processor is in use. Please stop existing Run or Debug sessions before launching.
10:14:08 INFO  : Processor reset is completed for microblaze_0
10:30:50 INFO  : microblaze_0 Processor is in use. Please stop existing Run or Debug sessions before launching.
10:30:51 INFO  : Processor reset is completed for microblaze_0
10:31:04 INFO  : microblaze_0 Processor is in use. Please stop existing Run or Debug sessions before launching.
10:31:06 INFO  : Processor reset is completed for microblaze_0
10:31:51 INFO  : Time out for XMD transaction is 60000
If you want to increase the timeout value, goto Windows-> Preferences -> Xilinx SDK -> XMD Startup
10:31:51 ERROR : Timeout occured while waiting to get reply for command "close_terminal"
10:31:51 ERROR : Error while closing JTAG UART server: 
10:42:24 INFO  : microblaze_0 Processor is in use. Please stop existing Run or Debug sessions before launching.
10:42:26 INFO  : Processor reset is completed for microblaze_0
10:44:48 INFO  : microblaze_0 Processor is in use. Please stop existing Run or Debug sessions before launching.
10:44:50 INFO  : Processor reset is completed for microblaze_0
10:45:18 INFO  : microblaze_0 Processor is in use. Please stop existing Run or Debug sessions before launching.
10:45:20 INFO  : Processor reset is completed for microblaze_0
10:46:20 INFO  : Time out for XMD transaction is 60000
If you want to increase the timeout value, goto Windows-> Preferences -> Xilinx SDK -> XMD Startup
10:46:20 ERROR : Timeout occured while waiting to get reply for command "close_terminal"
10:46:20 ERROR : Error while closing JTAG UART server: 
10:46:42 INFO  : microblaze_0 Processor is in use. Please stop existing Run or Debug sessions before launching.
10:46:45 INFO  : Processor reset is completed for microblaze_0
10:55:13 INFO  : microblaze_0 Processor is in use. Please stop existing Run or Debug sessions before launching.
10:55:14 INFO  : Processor reset is completed for microblaze_0
10:57:19 INFO  : microblaze_0 Processor is in use. Please stop existing Run or Debug sessions before launching.
10:57:22 INFO  : Processor reset is completed for microblaze_0
10:58:24 INFO  : microblaze_0 Processor is in use. Please stop existing Run or Debug sessions before launching.
10:58:26 INFO  : Processor reset is completed for microblaze_0
16:05:19 INFO  : FPGA Cable Disconnected. All active launches will be terminated.
08:21:11 INFO  : SDK has detected change in the last modified timestamps for source hardware specification file Source:1484896871494,  Project:1484656802469
08:21:11 INFO  : Project mcu_wrapper_hw_platform_0's source hardware specification located at U:/Workspace/vivado/EDI610_demo_project/EDI610_demo_project.sdk/mcu_wrapper.hdf is now different from the local copy.
		 The local copy will be replaced with the source specification and your workspace will be updated.
08:21:15 INFO  : Copied contents of U:/Workspace/vivado/EDI610_demo_project/EDI610_demo_project.sdk/mcu_wrapper.hdf into \mcu_wrapper_hw_platform_0\system.hdf.
08:21:17 INFO  : Synchronizing projects in the workspace with the hardware platform specification changes.
08:21:40 INFO  : 
08:21:41 INFO  : Updating hardware inferred compiler options for EDI610_demo.
08:21:41 INFO  : Clearing existing target manager status.
08:21:41 INFO  : Closing and re-opening the MSS file of ther project EDI610_bsp
08:21:43 INFO  : Workspace synchronized with the new hardware specification file. Cleaning dependent projects...
08:21:45 WARN  : Linker script will not be updated automatically. Users need to update it manually.
08:29:42 INFO  : Connected to target on host '127.0.0.1' and port '3121'.
08:29:42 INFO  : 'targets -set -filter {jtag_cable_name =~ "Digilent Nexys4 210274592414A" && level==0} -index 0' command is executed.
08:29:45 INFO  : FPGA configured successfully with bitstream "U:/Workspace/vivado/EDI610_demo_project/EDI610_demo_project.sdk/mcu_wrapper_hw_platform_0/download.bit"
08:29:59 INFO  : Processor reset is completed for microblaze_0
08:32:32 INFO  : microblaze_0 Processor is in use. Please stop existing Run or Debug sessions before launching.
08:32:33 INFO  : Processor reset is completed for microblaze_0
08:34:12 INFO  : Time out for XMD transaction is 60000
If you want to increase the timeout value, goto Windows-> Preferences -> Xilinx SDK -> XMD Startup
08:34:12 ERROR : Timeout occured while waiting to get reply for command "targets 0"
08:35:07 INFO  : Processor reset is completed for microblaze_0
08:59:57 INFO  : SDK has detected change in the last modified timestamps for source hardware specification file Source:1484898759948,  Project:1484838240485
08:59:57 INFO  : Project mcu_wrapper_hw_platform_0's source hardware specification located at U:/Workspace/vivado/EDI610_demo_project/EDI610_demo_project.sdk/mcu_wrapper.hdf is now different from the local copy.
		 The local copy will be replaced with the source specification and your workspace will be updated.
09:00:00 INFO  : Copied contents of U:/Workspace/vivado/EDI610_demo_project/EDI610_demo_project.sdk/mcu_wrapper.hdf into \mcu_wrapper_hw_platform_0\system.hdf.
09:00:01 INFO  : Synchronizing projects in the workspace with the hardware platform specification changes.
09:00:24 INFO  : 
09:00:25 INFO  : Updating hardware inferred compiler options for EDI610_demo.
09:00:25 INFO  : Clearing existing target manager status.
09:00:25 INFO  : Closing and re-opening the MSS file of ther project EDI610_bsp
09:00:27 INFO  : Workspace synchronized with the new hardware specification file. Cleaning dependent projects...
09:00:28 WARN  : Linker script will not be updated automatically. Users need to update it manually.
09:01:34 INFO  : Connected to target on host '127.0.0.1' and port '3121'.
09:01:34 INFO  : 'targets -set -filter {jtag_cable_name =~ "Digilent Nexys4 210274592414A" && level==0} -index 0' command is executed.
09:01:39 INFO  : FPGA configured successfully with bitstream "U:/Workspace/vivado/EDI610_demo_project/EDI610_demo_project.sdk/mcu_wrapper_hw_platform_0/download.bit"
09:01:45 INFO  : Processor reset is completed for microblaze_0
09:01:51 INFO  : microblaze_0 Processor is in use. Please stop existing Run or Debug sessions before launching.
09:01:53 INFO  : Processor reset is completed for microblaze_0
11:18:34 INFO  : Processor reset is completed for microblaze_0
15:25:27 INFO  : FPGA Cable Disconnected. All active launches will be terminated.
15:47:17 INFO  : Processor reset is completed for microblaze_0
15:47:45 INFO  : Connected to target on host '127.0.0.1' and port '3121'.
15:47:45 INFO  : 'targets -set -filter {jtag_cable_name =~ "Digilent Nexys4 210274592414A" && level==0} -index 0' command is executed.
15:47:48 INFO  : FPGA configured successfully with bitstream "U:/Workspace/vivado/EDI610_demo_project/EDI610_demo_project.sdk/mcu_wrapper_hw_platform_0/download.bit"
15:47:53 INFO  : Processor reset is completed for microblaze_0
16:01:07 INFO  : FPGA Cable Disconnected. All active launches will be terminated.
08:49:53 ERROR : Unexpected error while parsing XMD response ?: com.google.gson.JsonSyntaxException: com.google.gson.stream.MalformedJsonException: invalid number or unquoted string near 
09:40:42 INFO  : Launching XSDB server: xsdb.bat -interactive U:\Workspace\vivado\EDI610_demo_project\EDI610_demo_project.sdk\temp_xsdb_launch_script.tcl
09:40:43 INFO  : XSDB server has started successfully.
15:50:59 INFO  : Launching XSDB server: xsdb.bat -interactive U:\Workspace\vivado\EDI610_demo_project\EDI610_demo_project.sdk\temp_xsdb_launch_script.tcl
15:51:00 INFO  : XSDB server has started successfully.
10:59:10 INFO  : Launching XSDB server: xsdb.bat -interactive U:\Workspace\vivado\EDI610_demo_project_2\EDI610_demo_project_2.sdk\temp_xsdb_launch_script.tcl
10:59:11 INFO  : XSDB server has started successfully.
10:59:12 INFO  : Processing command line option -hwspec U:/Workspace/vivado/EDI610_demo_project_2/EDI610_demo_project_2.sdk/mcu_wrapper.hdf.
10:59:17 INFO  : SDK has detected change in the last modified timestamps for source hardware specification file Source:1488553172737,  Project:1484898759948
10:59:17 INFO  : Project mcu_wrapper_hw_platform_0's source hardware specification located at U:/Workspace/vivado/EDI610_demo_project/EDI610_demo_project.sdk/mcu_wrapper.hdf is now different from the local copy.
		 The local copy will be replaced with the source specification and your workspace will be updated.
10:59:21 INFO  : Project mcu_wrapper_hw_platform_0's source hardware specification location will not be monitored anymore.
11:00:46 INFO  : Launching XSDB server: xsdb.bat -interactive U:\Workspace\vivado\EDI610_demo_project_2\EDI610_demo_project_2.sdk\temp_xsdb_launch_script.tcl
11:00:47 INFO  : XSDB server has started successfully.
11:00:47 INFO  : Processing command line option -hwspec U:/Workspace/vivado/EDI610_demo_project_2/EDI610_demo_project_2.sdk/mcu_wrapper.hdf.
13:28:18 INFO  : Connected to target on host '127.0.0.1' and port '3121'.
13:28:18 INFO  : 'targets -set -filter {jtag_cable_name =~ "Digilent Nexys4 210274532900A" && level==0} -index 0' command is executed.
13:28:21 INFO  : FPGA configured successfully with bitstream "U:/Workspace/vivado/EDI610_demo_project_2/EDI610_demo_project_2.sdk/mcu_wrapper_hw_platform_0/download.bit"
13:28:44 INFO  : Processor reset is completed for microblaze_0
13:33:04 INFO  : microblaze_0 Processor is in use. Please stop existing Run or Debug sessions before launching.
13:33:05 INFO  : Processor reset is completed for microblaze_0
13:33:46 INFO  : microblaze_0 Processor is in use. Please stop existing Run or Debug sessions before launching.
13:33:48 INFO  : Processor reset is completed for microblaze_0
13:35:46 INFO  : microblaze_0 Processor is in use. Please stop existing Run or Debug sessions before launching.
13:35:47 INFO  : Processor reset is completed for microblaze_0
15:25:50 INFO  : SDK has detected change in the last modified timestamps for source hardware specification file Source:1488810254844,  Project:1488793808657
15:25:50 INFO  : Project mcu_wrapper_hw_platform_0's source hardware specification located at U:/Workspace/vivado/EDI610_demo_project_2/EDI610_demo_project_2.sdk/mcu_wrapper.hdf is now different from the local copy.
		 The local copy will be replaced with the source specification and your workspace will be updated.
15:25:52 INFO  : Copied contents of U:/Workspace/vivado/EDI610_demo_project_2/EDI610_demo_project_2.sdk/mcu_wrapper.hdf into \mcu_wrapper_hw_platform_0\system.hdf.
15:25:53 INFO  : Synchronizing projects in the workspace with the hardware platform specification changes.
15:26:21 INFO  : 
15:26:22 INFO  : Updating hardware inferred compiler options for EDI610_VGA_Demo.
15:26:22 INFO  : Clearing existing target manager status.
15:26:22 INFO  : Workspace synchronized with the new hardware specification file. Cleaning dependent projects...
15:26:24 WARN  : Linker script will not be updated automatically. Users need to update it manually.
11:15:16 INFO  : Connected to target on host '127.0.0.1' and port '3121'.
11:15:17 INFO  : 'targets -set -filter {jtag_cable_name =~ "Digilent Nexys4 210274532900A" && level==0} -index 0' command is executed.
11:15:19 INFO  : FPGA configured successfully with bitstream "U:/Workspace/vivado/EDI610_demo_project_2/EDI610_demo_project_2.sdk/mcu_wrapper_hw_platform_0/download.bit"
11:15:25 INFO  : Processor reset is completed for microblaze_0
11:15:51 INFO  : Processor reset is completed for microblaze_0
11:17:51 INFO  : Processor reset is completed for microblaze_0
11:18:41 INFO  : Processor reset is completed for microblaze_0
11:34:14 INFO  : microblaze_0 Processor is in use. Please stop existing Run or Debug sessions before launching.
11:34:17 INFO  : Processor reset is completed for microblaze_0
11:42:39 INFO  : Processor reset is completed for microblaze_0
11:43:23 INFO  : microblaze_0 Processor is in use. Please stop existing Run or Debug sessions before launching.
11:43:25 INFO  : Processor reset is completed for microblaze_0
11:43:42 INFO  : microblaze_0 Processor is in use. Please stop existing Run or Debug sessions before launching.
11:43:43 INFO  : Processor reset is completed for microblaze_0
11:55:51 INFO  : microblaze_0 Processor is in use. Please stop existing Run or Debug sessions before launching.
11:55:52 INFO  : Processor reset is completed for microblaze_0
11:58:26 INFO  : microblaze_0 Processor is in use. Please stop existing Run or Debug sessions before launching.
11:58:27 INFO  : Processor reset is completed for microblaze_0
12:53:28 INFO  : microblaze_0 Processor is in use. Please stop existing Run or Debug sessions before launching.
12:53:30 INFO  : Processor reset is completed for microblaze_0
12:54:05 INFO  : microblaze_0 Processor is in use. Please stop existing Run or Debug sessions before launching.
12:54:07 INFO  : Processor reset is completed for microblaze_0
12:54:19 INFO  : microblaze_0 Processor is in use. Please stop existing Run or Debug sessions before launching.
12:54:21 INFO  : Processor reset is completed for microblaze_0
12:56:42 INFO  : microblaze_0 Processor is in use. Please stop existing Run or Debug sessions before launching.
12:56:44 INFO  : Processor reset is completed for microblaze_0
12:57:59 INFO  : Processor reset is completed for microblaze_0
13:00:03 INFO  : Processor reset is completed for microblaze_0
13:00:09 INFO  : microblaze_0 Processor is in use. Please stop existing Run or Debug sessions before launching.
13:00:11 INFO  : Processor reset is completed for microblaze_0
13:00:15 INFO  : microblaze_0 Processor is in use. Please stop existing Run or Debug sessions before launching.
13:00:16 INFO  : Processor reset is completed for microblaze_0
13:00:26 INFO  : microblaze_0 Processor is in use. Please stop existing Run or Debug sessions before launching.
13:00:30 INFO  : Processor reset is completed for microblaze_0
13:01:08 INFO  : microblaze_0 Processor is in use. Please stop existing Run or Debug sessions before launching.
13:01:10 INFO  : Processor reset is completed for microblaze_0
13:01:30 INFO  : microblaze_0 Processor is in use. Please stop existing Run or Debug sessions before launching.
13:01:36 INFO  : Processor reset is completed for microblaze_0
13:01:50 INFO  : microblaze_0 Processor is in use. Please stop existing Run or Debug sessions before launching.
13:01:52 INFO  : Processor reset is completed for microblaze_0
13:02:05 INFO  : microblaze_0 Processor is in use. Please stop existing Run or Debug sessions before launching.
13:02:07 INFO  : Processor reset is completed for microblaze_0
13:05:32 INFO  : Processor reset is completed for microblaze_0
13:06:02 INFO  : microblaze_0 Processor is in use. Please stop existing Run or Debug sessions before launching.
13:06:05 INFO  : Processor reset is completed for microblaze_0
13:07:19 INFO  : Processor reset is completed for microblaze_0
13:08:35 INFO  : Processor reset is completed for microblaze_0
13:26:25 INFO  : Processor reset is completed for microblaze_0
13:27:08 INFO  : Connected to target on host '127.0.0.1' and port '3121'.
13:27:09 INFO  : 'targets -set -filter {jtag_cable_name =~ "Digilent Nexys4 210274532900A" && level==0} -index 0' command is executed.
13:27:12 INFO  : FPGA configured successfully with bitstream "U:/Workspace/vivado/EDI610_demo_project_2/EDI610_demo_project_2.sdk/mcu_wrapper_hw_platform_0/download.bit"
09:06:13 INFO  : Connected to target on host '127.0.0.1' and port '3121'.
09:06:13 INFO  : 'targets -set -filter {jtag_cable_name =~ "Digilent Nexys4 210274532900A" && level==0} -index 0' command is executed.
09:06:16 INFO  : FPGA configured successfully with bitstream "U:/Workspace/vivado/EDI610_demo_project_2/EDI610_demo_project_2.sdk/mcu_wrapper_hw_platform_0/download.bit"
09:06:22 INFO  : Processor reset is completed for microblaze_0
07:53:05 INFO  : Connected to target on host '127.0.0.1' and port '3121'.
07:53:05 INFO  : 'targets -set -filter {jtag_cable_name =~ "Digilent Nexys4 210274532900A" && level==0} -index 0' command is executed.
07:53:08 INFO  : FPGA configured successfully with bitstream "U:/Workspace/vivado/EDI610_demo_project_2/EDI610_demo_project_2.sdk/mcu_wrapper_hw_platform_0/download.bit"
07:53:14 INFO  : Processor reset is completed for microblaze_0
13:48:37 ERROR : Unexpected error while parsing XMD response ?: com.google.gson.JsonSyntaxException: com.google.gson.stream.MalformedJsonException: invalid number or unquoted string near 
14:18:52 INFO  : Launching XSDB server: xsdb.bat -interactive \\LOKE.EIT.LTH.SE\UW\eit-arj\Desktop\EDI610_project_workspace\temp_xsdb_launch_script.tcl
14:18:53 INFO  : XSDB server has started successfully.
14:38:14 INFO  : Launching XSDB server: xsdb.bat -interactive \\LOKE.EIT.LTH.SE\UW\eit-arj\Desktop\EDI610_project_workspace\temp_xsdb_launch_script.tcl
14:38:15 INFO  : XSDB server has started successfully.
14:38:50 INFO  : Connected to target on host '127.0.0.1' and port '3121'.
14:38:51 INFO  : 'targets -set -filter {jtag_cable_name =~ "Digilent Nexys4 210274532900A" && level==0} -index 0' command is executed.
14:38:54 INFO  : FPGA configured successfully with bitstream "//LOKE.EIT.LTH.SE/UW/eit-arj/Desktop/EDI610_project_workspace/mcu_wrapper_hw_platform_0/download.bit"
14:39:04 INFO  : Processor reset is completed for microblaze_0
14:47:17 ERROR : Unexpected error while parsing XMD response ?: com.google.gson.JsonSyntaxException: com.google.gson.stream.MalformedJsonException: invalid number or unquoted string near 
14:47:38 INFO  : Launching XSDB server: xsdb.bat -interactive \\LOKE.EIT.LTH.SE\UW\eit-arj\Desktop\EDI610_project_workspace\temp_xsdb_launch_script.tcl
14:47:39 INFO  : XSDB server has started successfully.
14:59:45 INFO  : Launching XSDB server: xsdb.bat -interactive C:\Users\si7608jo-s\EDI610_project_workspace\temp_xsdb_launch_script.tcl
14:59:50 INFO  : XSDB server has started successfully.
15:00:30 INFO  : Connected to target on host '127.0.0.1' and port '3121'.
15:00:36 INFO  : 'targets -set -filter {jtag_cable_name =~ "Digilent Nexys4 210274592253A" && level==0} -index 0' command is executed.
15:00:38 INFO  : FPGA configured successfully with bitstream "C:/Users/si7608jo-s/EDI610_project_workspace/mcu_wrapper_hw_platform_0/download.bit"
15:01:58 INFO  : Processor reset is completed for microblaze_0
15:14:10 INFO  : microblaze_0 Processor is in use. Please stop existing Run or Debug sessions before launching.
15:14:13 INFO  : Processor reset is completed for microblaze_0
15:17:40 INFO  : microblaze_0 Processor is in use. Please stop existing Run or Debug sessions before launching.
15:17:46 INFO  : Processor reset is completed for microblaze_0
15:23:04 INFO  : Connected to target on host '127.0.0.1' and port '3121'.
15:23:05 INFO  : 'targets -set -filter {jtag_cable_name =~ "Digilent Nexys4 210274592253A" && level==0} -index 0' command is executed.
15:23:07 INFO  : FPGA configured successfully with bitstream "C:/Users/si7608jo-s/EDI610_project_workspace/mcu_wrapper_hw_platform_0/download.bit"
15:24:26 INFO  : microblaze_0 Processor is in use. Please stop existing Run or Debug sessions before launching.
15:24:28 INFO  : Processor reset is completed for microblaze_0
15:27:40 INFO  : microblaze_0 Processor is in use. Please stop existing Run or Debug sessions before launching.
15:27:48 INFO  : microblaze_0 Processor is in use. Please stop existing Run or Debug sessions before launching.
15:27:50 INFO  : Processor reset is completed for microblaze_0
15:32:16 INFO  : microblaze_0 Processor is in use. Please stop existing Run or Debug sessions before launching.
15:32:18 INFO  : Processor reset is completed for microblaze_0
15:33:21 INFO  : microblaze_0 Processor is in use. Please stop existing Run or Debug sessions before launching.
15:33:24 INFO  : Processor reset is completed for microblaze_0
15:41:57 INFO  : microblaze_0 Processor is in use. Please stop existing Run or Debug sessions before launching.
15:41:59 INFO  : Processor reset is completed for microblaze_0
15:45:33 INFO  : microblaze_0 Processor is in use. Please stop existing Run or Debug sessions before launching.
15:45:41 INFO  : Processor reset is completed for microblaze_0
15:48:16 INFO  : microblaze_0 Processor is in use. Please stop existing Run or Debug sessions before launching.
15:48:18 INFO  : Processor reset is completed for microblaze_0
15:49:44 INFO  : microblaze_0 Processor is in use. Please stop existing Run or Debug sessions before launching.
15:49:46 INFO  : Processor reset is completed for microblaze_0
15:51:28 INFO  : microblaze_0 Processor is in use. Please stop existing Run or Debug sessions before launching.
15:51:30 INFO  : Processor reset is completed for microblaze_0
15:52:51 INFO  : microblaze_0 Processor is in use. Please stop existing Run or Debug sessions before launching.
15:52:54 INFO  : Processor reset is completed for microblaze_0
15:56:36 INFO  : microblaze_0 Processor is in use. Please stop existing Run or Debug sessions before launching.
15:56:39 INFO  : Processor reset is completed for microblaze_0
16:06:58 INFO  : microblaze_0 Processor is in use. Please stop existing Run or Debug sessions before launching.
16:06:59 INFO  : Processor reset is completed for microblaze_0
16:08:34 INFO  : microblaze_0 Processor is in use. Please stop existing Run or Debug sessions before launching.
16:08:35 INFO  : Processor reset is completed for microblaze_0
16:11:01 INFO  : microblaze_0 Processor is in use. Please stop existing Run or Debug sessions before launching.
16:11:32 INFO  : microblaze_0 Processor is in use. Please stop existing Run or Debug sessions before launching.
16:11:34 INFO  : Processor reset is completed for microblaze_0
16:12:01 INFO  : microblaze_0 Processor is in use. Please stop existing Run or Debug sessions before launching.
16:12:04 INFO  : Processor reset is completed for microblaze_0
16:13:50 INFO  : microblaze_0 Processor is in use. Please stop existing Run or Debug sessions before launching.
16:13:50 INFO  : Processor reset is completed for microblaze_0
16:14:03 INFO  : microblaze_0 Processor is in use. Please stop existing Run or Debug sessions before launching.
16:14:05 INFO  : Processor reset is completed for microblaze_0
16:21:57 ERROR : Unexpected error while launching program.
java.lang.RuntimeException: The program file specified in the launch configuration does not exist
	at com.xilinx.sdk.debug.core.XilinxAppLaunchConfigurationDelegate.runApplication(XilinxAppLaunchConfigurationDelegate.java:580)
	at com.xilinx.sdk.debug.core.XilinxAppLaunchConfigurationDelegate.launch(XilinxAppLaunchConfigurationDelegate.java:309)
	at com.xilinx.sdk.debug.ui.XilinxAppLaunchDelegateWrapper.launch(XilinxAppLaunchDelegateWrapper.java:31)
	at org.eclipse.debug.internal.core.LaunchConfiguration.launch(LaunchConfiguration.java:885)
	at org.eclipse.debug.internal.core.LaunchConfiguration.launch(LaunchConfiguration.java:739)
	at org.eclipse.debug.internal.ui.DebugUIPlugin.buildAndLaunch(DebugUIPlugin.java:1039)
	at org.eclipse.debug.internal.ui.DebugUIPlugin$8.run(DebugUIPlugin.java:1256)
	at org.eclipse.core.internal.jobs.Worker.run(Worker.java:55)
16:27:27 INFO  : Connected to target on host '127.0.0.1' and port '3121'.
16:27:27 INFO  : 'targets -set -filter {jtag_cable_name =~ "Digilent Nexys4 210274592253A" && level==0} -index 0' command is executed.
16:27:30 INFO  : FPGA configured successfully with bitstream "C:/Users/si7608jo-s/EDI610_project_workspace/mcu_wrapper_hw_platform_0/download.bit"
16:28:17 ERROR : Unexpected error while parsing XMD response ?: com.google.gson.JsonSyntaxException: com.google.gson.stream.MalformedJsonException: invalid number or unquoted string near 
16:28:34 INFO  : Launching XSDB server: xsdb.bat -interactive C:\Users\si7608jo-s\EDI610_project_workspace\temp_xsdb_launch_script.tcl
16:28:36 INFO  : XSDB server has started successfully.
16:29:07 INFO  : Processor reset is completed for microblaze_0
16:30:51 INFO  : microblaze_0 Processor is in use. Please stop existing Run or Debug sessions before launching.
16:30:55 INFO  : Processor reset is completed for microblaze_0
16:31:52 INFO  : microblaze_0 Processor is in use. Please stop existing Run or Debug sessions before launching.
16:32:07 INFO  : Processor reset is completed for microblaze_0
16:32:40 INFO  : microblaze_0 Processor is in use. Please stop existing Run or Debug sessions before launching.
16:32:41 INFO  : Processor reset is completed for microblaze_0
16:33:38 INFO  : microblaze_0 Processor is in use. Please stop existing Run or Debug sessions before launching.
16:33:41 INFO  : Processor reset is completed for microblaze_0
16:34:27 INFO  : microblaze_0 Processor is in use. Please stop existing Run or Debug sessions before launching.
16:34:28 INFO  : Processor reset is completed for microblaze_0
16:36:56 INFO  : microblaze_0 Processor is in use. Please stop existing Run or Debug sessions before launching.
16:36:57 INFO  : Processor reset is completed for microblaze_0
16:37:56 INFO  : microblaze_0 Processor is in use. Please stop existing Run or Debug sessions before launching.
16:37:57 INFO  : Processor reset is completed for microblaze_0
16:49:15 INFO  : microblaze_0 Processor is in use. Please stop existing Run or Debug sessions before launching.
16:49:17 INFO  : Processor reset is completed for microblaze_0
16:51:19 INFO  : microblaze_0 Processor is in use. Please stop existing Run or Debug sessions before launching.
16:51:21 INFO  : Processor reset is completed for microblaze_0
16:51:39 INFO  : microblaze_0 Processor is in use. Please stop existing Run or Debug sessions before launching.
16:51:41 INFO  : Processor reset is completed for microblaze_0
16:55:31 INFO  : microblaze_0 Processor is in use. Please stop existing Run or Debug sessions before launching.
16:55:32 INFO  : Processor reset is completed for microblaze_0
17:01:32 INFO  : microblaze_0 Processor is in use. Please stop existing Run or Debug sessions before launching.
17:01:35 INFO  : Processor reset is completed for microblaze_0
17:02:44 INFO  : microblaze_0 Processor is in use. Please stop existing Run or Debug sessions before launching.
17:02:49 INFO  : Processor reset is completed for microblaze_0
17:43:32 INFO  : microblaze_0 Processor is in use. Please stop existing Run or Debug sessions before launching.
17:43:34 INFO  : Processor reset is completed for microblaze_0
17:46:36 INFO  : microblaze_0 Processor is in use. Please stop existing Run or Debug sessions before launching.
17:46:38 INFO  : Processor reset is completed for microblaze_0
17:48:00 INFO  : microblaze_0 Processor is in use. Please stop existing Run or Debug sessions before launching.
17:48:01 INFO  : Processor reset is completed for microblaze_0
17:48:24 INFO  : Processor reset is completed for microblaze_0
17:58:06 INFO  : microblaze_0 Processor is in use. Please stop existing Run or Debug sessions before launching.
17:58:07 INFO  : Processor reset is completed for microblaze_0
18:32:58 ERROR : Unexpected error while parsing XMD response ?: com.google.gson.JsonSyntaxException: com.google.gson.stream.MalformedJsonException: invalid number or unquoted string near 
12:35:05 INFO  : Launching XSDB server: xsdb.bat -interactive C:\Users\si7608jo-s\EDI610_project_workspace\temp_xsdb_launch_script.tcl
12:35:08 INFO  : XSDB server has started successfully.
12:40:10 INFO  : Connected to target on host '127.0.0.1' and port '3121'.
12:40:12 INFO  : 'targets -set -filter {jtag_cable_name =~ "Digilent Nexys4 210274592470A" && level==0} -index 0' command is executed.
12:40:15 INFO  : FPGA configured successfully with bitstream "C:/Users/si7608jo-s/EDI610_project_workspace/mcu_wrapper_hw_platform_0/download.bit"
12:40:30 INFO  : Processor reset is completed for microblaze_0
12:48:55 INFO  : microblaze_0 Processor is in use. Please stop existing Run or Debug sessions before launching.
12:48:57 INFO  : Processor reset is completed for microblaze_0
12:51:48 INFO  : microblaze_0 Processor is in use. Please stop existing Run or Debug sessions before launching.
12:51:50 INFO  : Processor reset is completed for microblaze_0
13:55:53 INFO  : Connected to target on host '127.0.0.1' and port '3121'.
13:55:53 INFO  : 'targets -set -filter {jtag_cable_name =~ "Digilent Nexys4 210274592470A" && level==0} -index 0' command is executed.
13:55:56 INFO  : FPGA configured successfully with bitstream "C:/Users/si7608jo-s/EDI610_project_workspace/mcu_wrapper_hw_platform_0/download.bit"
14:01:55 INFO  : Processor reset is completed for microblaze_0
14:03:25 INFO  : microblaze_0 Processor is in use. Please stop existing Run or Debug sessions before launching.
14:03:28 INFO  : Processor reset is completed for microblaze_0
14:17:07 INFO  : microblaze_0 Processor is in use. Please stop existing Run or Debug sessions before launching.
14:17:11 INFO  : Processor reset is completed for microblaze_0
14:35:56 INFO  : microblaze_0 Processor is in use. Please stop existing Run or Debug sessions before launching.
14:39:22 INFO  : microblaze_0 Processor is in use. Please stop existing Run or Debug sessions before launching.
14:39:24 INFO  : Processor reset is completed for microblaze_0
14:40:47 INFO  : microblaze_0 Processor is in use. Please stop existing Run or Debug sessions before launching.
14:40:51 INFO  : Processor reset is completed for microblaze_0
15:16:17 INFO  : microblaze_0 Processor is in use. Please stop existing Run or Debug sessions before launching.
15:16:19 INFO  : Processor reset is completed for microblaze_0
15:17:47 INFO  : microblaze_0 Processor is in use. Please stop existing Run or Debug sessions before launching.
15:17:49 INFO  : Processor reset is completed for microblaze_0
15:22:31 INFO  : microblaze_0 Processor is in use. Please stop existing Run or Debug sessions before launching.
15:22:34 INFO  : Processor reset is completed for microblaze_0
15:25:01 INFO  : microblaze_0 Processor is in use. Please stop existing Run or Debug sessions before launching.
15:25:02 INFO  : Processor reset is completed for microblaze_0
16:08:40 INFO  : microblaze_0 Processor is in use. Please stop existing Run or Debug sessions before launching.
16:08:42 INFO  : Processor reset is completed for microblaze_0
16:09:50 INFO  : microblaze_0 Processor is in use. Please stop existing Run or Debug sessions before launching.
16:09:51 INFO  : Processor reset is completed for microblaze_0
16:14:53 ERROR : Unexpected error while parsing XMD response ?: com.google.gson.JsonSyntaxException: com.google.gson.stream.MalformedJsonException: invalid number or unquoted string near 
13:20:21 INFO  : Launching XSDB server: xsdb.bat -interactive C:\Users\si7608jo-s\EDI610_project_workspace\temp_xsdb_launch_script.tcl
13:20:24 INFO  : XSDB server has started successfully.
13:20:56 INFO  : Connected to target on host '127.0.0.1' and port '3121'.
13:21:01 INFO  : 'targets -set -filter {jtag_cable_name =~ "Digilent Nexys4 210274592470A" && level==0} -index 0' command is executed.
13:21:03 INFO  : FPGA configured successfully with bitstream "C:/Users/si7608jo-s/EDI610_project_workspace/mcu_wrapper_hw_platform_0/download.bit"
13:21:12 INFO  : Processor reset is completed for microblaze_0
13:31:06 INFO  : microblaze_0 Processor is in use. Please stop existing Run or Debug sessions before launching.
13:31:08 INFO  : Processor reset is completed for microblaze_0
13:40:19 INFO  : microblaze_0 Processor is in use. Please stop existing Run or Debug sessions before launching.
13:40:20 INFO  : Processor reset is completed for microblaze_0
13:40:27 INFO  : microblaze_0 Processor is in use. Please stop existing Run or Debug sessions before launching.
13:40:31 INFO  : Processor reset is completed for microblaze_0
13:50:05 INFO  : microblaze_0 Processor is in use. Please stop existing Run or Debug sessions before launching.
13:50:08 INFO  : Processor reset is completed for microblaze_0
13:50:44 INFO  : microblaze_0 Processor is in use. Please stop existing Run or Debug sessions before launching.
13:50:47 INFO  : Processor reset is completed for microblaze_0
13:52:14 INFO  : microblaze_0 Processor is in use. Please stop existing Run or Debug sessions before launching.
13:52:52 INFO  : Processor reset is completed for microblaze_0
13:58:19 INFO  : microblaze_0 Processor is in use. Please stop existing Run or Debug sessions before launching.
13:58:21 INFO  : Processor reset is completed for microblaze_0
13:58:51 INFO  : microblaze_0 Processor is in use. Please stop existing Run or Debug sessions before launching.
13:58:53 INFO  : Processor reset is completed for microblaze_0
14:01:08 INFO  : microblaze_0 Processor is in use. Please stop existing Run or Debug sessions before launching.
14:01:10 INFO  : Processor reset is completed for microblaze_0
14:01:50 INFO  : microblaze_0 Processor is in use. Please stop existing Run or Debug sessions before launching.
14:01:52 INFO  : Processor reset is completed for microblaze_0
14:02:53 INFO  : microblaze_0 Processor is in use. Please stop existing Run or Debug sessions before launching.
14:02:54 INFO  : Processor reset is completed for microblaze_0
14:03:45 INFO  : microblaze_0 Processor is in use. Please stop existing Run or Debug sessions before launching.
14:03:47 INFO  : Processor reset is completed for microblaze_0
14:06:30 INFO  : microblaze_0 Processor is in use. Please stop existing Run or Debug sessions before launching.
14:06:36 INFO  : Processor reset is completed for microblaze_0
14:07:15 INFO  : microblaze_0 Processor is in use. Please stop existing Run or Debug sessions before launching.
14:07:17 INFO  : Processor reset is completed for microblaze_0
14:36:04 INFO  : microblaze_0 Processor is in use. Please stop existing Run or Debug sessions before launching.
14:36:06 INFO  : Processor reset is completed for microblaze_0
15:06:55 INFO  : microblaze_0 Processor is in use. Please stop existing Run or Debug sessions before launching.
15:06:57 INFO  : Processor reset is completed for microblaze_0
15:09:00 INFO  : microblaze_0 Processor is in use. Please stop existing Run or Debug sessions before launching.
15:09:01 INFO  : Processor reset is completed for microblaze_0
15:09:12 INFO  : microblaze_0 Processor is in use. Please stop existing Run or Debug sessions before launching.
15:09:14 INFO  : Processor reset is completed for microblaze_0
15:21:21 INFO  : microblaze_0 Processor is in use. Please stop existing Run or Debug sessions before launching.
15:21:22 INFO  : Processor reset is completed for microblaze_0
15:25:50 INFO  : microblaze_0 Processor is in use. Please stop existing Run or Debug sessions before launching.
15:25:56 INFO  : Processor reset is completed for microblaze_0
15:27:18 INFO  : microblaze_0 Processor is in use. Please stop existing Run or Debug sessions before launching.
15:27:20 INFO  : Processor reset is completed for microblaze_0
15:27:43 INFO  : microblaze_0 Processor is in use. Please stop existing Run or Debug sessions before launching.
15:27:44 INFO  : Processor reset is completed for microblaze_0
16:14:11 INFO  : microblaze_0 Processor is in use. Please stop existing Run or Debug sessions before launching.
16:14:12 INFO  : Processor reset is completed for microblaze_0
16:14:31 INFO  : microblaze_0 Processor is in use. Please stop existing Run or Debug sessions before launching.
16:15:02 INFO  : Processor reset is completed for microblaze_0
16:50:34 INFO  : microblaze_0 Processor is in use. Please stop existing Run or Debug sessions before launching.
16:50:40 INFO  : Processor reset is completed for microblaze_0
16:51:17 INFO  : microblaze_0 Processor is in use. Please stop existing Run or Debug sessions before launching.
16:51:21 INFO  : Processor reset is completed for microblaze_0
16:59:45 ERROR : Unexpected error while parsing XMD response ?: com.google.gson.JsonSyntaxException: com.google.gson.stream.MalformedJsonException: invalid number or unquoted string near 
12:57:30 INFO  : Launching XSDB server: xsdb.bat -interactive C:\Users\si7608jo-s\EDI610_project_workspace\temp_xsdb_launch_script.tcl
12:57:35 INFO  : XSDB server has started successfully.
12:58:54 INFO  : Connected to target on host '127.0.0.1' and port '3121'.
12:58:56 INFO  : 'targets -set -filter {jtag_cable_name =~ "Digilent Nexys4 210274592026A" && level==0} -index 0' command is executed.
12:58:58 INFO  : FPGA configured successfully with bitstream "C:/Users/si7608jo-s/EDI610_project_workspace/mcu_wrapper_hw_platform_0/download.bit"
12:59:20 INFO  : Processor reset is completed for microblaze_0
13:01:32 INFO  : microblaze_0 Processor is in use. Please stop existing Run or Debug sessions before launching.
13:01:37 INFO  : Processor reset is completed for microblaze_0
13:02:23 INFO  : microblaze_0 Processor is in use. Please stop existing Run or Debug sessions before launching.
13:02:24 INFO  : Processor reset is completed for microblaze_0
14:35:27 ERROR : Unexpected error while launching program.
java.lang.RuntimeException: The program file specified in the launch configuration does not exist
	at com.xilinx.sdk.debug.core.XilinxAppLaunchConfigurationDelegate.runApplication(XilinxAppLaunchConfigurationDelegate.java:580)
	at com.xilinx.sdk.debug.core.XilinxAppLaunchConfigurationDelegate.launch(XilinxAppLaunchConfigurationDelegate.java:309)
	at com.xilinx.sdk.debug.ui.XilinxAppLaunchDelegateWrapper.launch(XilinxAppLaunchDelegateWrapper.java:31)
	at org.eclipse.debug.internal.core.LaunchConfiguration.launch(LaunchConfiguration.java:885)
	at org.eclipse.debug.internal.core.LaunchConfiguration.launch(LaunchConfiguration.java:739)
	at org.eclipse.debug.internal.ui.DebugUIPlugin.buildAndLaunch(DebugUIPlugin.java:1039)
	at org.eclipse.debug.internal.ui.DebugUIPlugin$8.run(DebugUIPlugin.java:1256)
	at org.eclipse.core.internal.jobs.Worker.run(Worker.java:55)
14:36:36 INFO  : Launching XSDB server: xsdb.bat -interactive C:\Users\si7608jo-s\EDI610_project_workspace\temp_xsdb_launch_script.tcl
14:36:38 INFO  : XSDB server has started successfully.
14:36:49 ERROR : Unexpected error while launching program.
java.lang.RuntimeException: The program file specified in the launch configuration does not exist
	at com.xilinx.sdk.debug.core.XilinxAppLaunchConfigurationDelegate.runApplication(XilinxAppLaunchConfigurationDelegate.java:580)
	at com.xilinx.sdk.debug.core.XilinxAppLaunchConfigurationDelegate.launch(XilinxAppLaunchConfigurationDelegate.java:309)
	at com.xilinx.sdk.debug.ui.XilinxAppLaunchDelegateWrapper.launch(XilinxAppLaunchDelegateWrapper.java:31)
	at org.eclipse.debug.internal.core.LaunchConfiguration.launch(LaunchConfiguration.java:885)
	at org.eclipse.debug.internal.core.LaunchConfiguration.launch(LaunchConfiguration.java:739)
	at org.eclipse.debug.internal.ui.DebugUIPlugin.buildAndLaunch(DebugUIPlugin.java:1039)
	at org.eclipse.debug.internal.ui.DebugUIPlugin$8.run(DebugUIPlugin.java:1256)
	at org.eclipse.core.internal.jobs.Worker.run(Worker.java:55)
14:37:16 INFO  : Connected to target on host '127.0.0.1' and port '3121'.
14:37:21 INFO  : 'targets -set -filter {jtag_cable_name =~ "Digilent Nexys4 210274592026A" && level==0} -index 0' command is executed.
14:37:24 INFO  : FPGA configured successfully with bitstream "C:/Users/si7608jo-s/EDI610_project_workspace/mcu_wrapper_hw_platform_0/download.bit"
14:37:44 ERROR : Unexpected error while launching program.
java.lang.RuntimeException: The program file specified in the launch configuration does not exist
	at com.xilinx.sdk.debug.core.XilinxAppLaunchConfigurationDelegate.runApplication(XilinxAppLaunchConfigurationDelegate.java:580)
	at com.xilinx.sdk.debug.core.XilinxAppLaunchConfigurationDelegate.launch(XilinxAppLaunchConfigurationDelegate.java:309)
	at com.xilinx.sdk.debug.ui.XilinxAppLaunchDelegateWrapper.launch(XilinxAppLaunchDelegateWrapper.java:31)
	at org.eclipse.debug.internal.core.LaunchConfiguration.launch(LaunchConfiguration.java:885)
	at org.eclipse.debug.internal.core.LaunchConfiguration.launch(LaunchConfiguration.java:739)
	at org.eclipse.debug.internal.ui.DebugUIPlugin.buildAndLaunch(DebugUIPlugin.java:1039)
	at org.eclipse.debug.internal.ui.DebugUIPlugin$8.run(DebugUIPlugin.java:1256)
	at org.eclipse.core.internal.jobs.Worker.run(Worker.java:55)
14:38:24 ERROR : Unexpected error while launching program.
java.lang.RuntimeException: The program file specified in the launch configuration does not exist
	at com.xilinx.sdk.debug.core.XilinxAppLaunchConfigurationDelegate.runApplication(XilinxAppLaunchConfigurationDelegate.java:580)
	at com.xilinx.sdk.debug.core.XilinxAppLaunchConfigurationDelegate.launch(XilinxAppLaunchConfigurationDelegate.java:309)
	at com.xilinx.sdk.debug.ui.XilinxAppLaunchDelegateWrapper.launch(XilinxAppLaunchDelegateWrapper.java:31)
	at org.eclipse.debug.internal.core.LaunchConfiguration.launch(LaunchConfiguration.java:885)
	at org.eclipse.debug.internal.core.LaunchConfiguration.launch(LaunchConfiguration.java:739)
	at org.eclipse.debug.internal.ui.DebugUIPlugin.buildAndLaunch(DebugUIPlugin.java:1039)
	at org.eclipse.debug.internal.ui.DebugUIPlugin$8.run(DebugUIPlugin.java:1256)
	at org.eclipse.core.internal.jobs.Worker.run(Worker.java:55)
14:38:48 INFO  : Connected to target on host '127.0.0.1' and port '3121'.
14:38:48 INFO  : 'targets -set -filter {jtag_cable_name =~ "Digilent Nexys4 210274592026A" && level==0} -index 0' command is executed.
14:38:50 INFO  : FPGA configured successfully with bitstream "C:/Users/si7608jo-s/EDI610_project_workspace/mcu_wrapper_hw_platform_0/download.bit"
14:38:57 ERROR : Unexpected error while launching program.
java.lang.RuntimeException: The program file specified in the launch configuration does not exist
	at com.xilinx.sdk.debug.core.XilinxAppLaunchConfigurationDelegate.runApplication(XilinxAppLaunchConfigurationDelegate.java:580)
	at com.xilinx.sdk.debug.core.XilinxAppLaunchConfigurationDelegate.launch(XilinxAppLaunchConfigurationDelegate.java:309)
	at com.xilinx.sdk.debug.ui.XilinxAppLaunchDelegateWrapper.launch(XilinxAppLaunchDelegateWrapper.java:31)
	at org.eclipse.debug.internal.core.LaunchConfiguration.launch(LaunchConfiguration.java:885)
	at org.eclipse.debug.internal.core.LaunchConfiguration.launch(LaunchConfiguration.java:739)
	at org.eclipse.debug.internal.ui.DebugUIPlugin.buildAndLaunch(DebugUIPlugin.java:1039)
	at org.eclipse.debug.internal.ui.DebugUIPlugin$8.run(DebugUIPlugin.java:1256)
	at org.eclipse.core.internal.jobs.Worker.run(Worker.java:55)
14:39:15 INFO  : Processor reset is completed for microblaze_0
14:39:59 INFO  : Processor reset is completed for microblaze_0
14:40:14 INFO  : Processor reset is completed for microblaze_0
14:41:55 INFO  : microblaze_0 Processor is in use. Please stop existing Run or Debug sessions before launching.
14:41:57 INFO  : Processor reset is completed for microblaze_0
14:42:22 INFO  : Connected to target on host '127.0.0.1' and port '3121'.
14:42:22 INFO  : 'targets -set -filter {jtag_cable_name =~ "Digilent Nexys4 210274592026A" && level==0} -index 0' command is executed.
14:42:24 INFO  : FPGA configured successfully with bitstream "C:/Users/si7608jo-s/EDI610_project_workspace/mcu_wrapper_hw_platform_0/download.bit"
14:42:30 INFO  : microblaze_0 Processor is in use. Please stop existing Run or Debug sessions before launching.
14:42:32 INFO  : Processor reset is completed for microblaze_0
14:43:15 INFO  : microblaze_0 Processor is in use. Please stop existing Run or Debug sessions before launching.
14:43:18 INFO  : Processor reset is completed for microblaze_0
14:43:39 INFO  : microblaze_0 Processor is in use. Please stop existing Run or Debug sessions before launching.
14:43:50 INFO  : microblaze_0 Processor is in use. Please stop existing Run or Debug sessions before launching.
14:43:51 INFO  : Processor reset is completed for microblaze_0
14:44:15 INFO  : microblaze_0 Processor is in use. Please stop existing Run or Debug sessions before launching.
14:44:17 INFO  : Processor reset is completed for microblaze_0
14:44:50 INFO  : microblaze_0 Processor is in use. Please stop existing Run or Debug sessions before launching.
14:44:51 INFO  : Processor reset is completed for microblaze_0
14:45:35 INFO  : microblaze_0 Processor is in use. Please stop existing Run or Debug sessions before launching.
14:45:40 INFO  : Processor reset is completed for microblaze_0
14:46:28 INFO  : microblaze_0 Processor is in use. Please stop existing Run or Debug sessions before launching.
14:46:29 INFO  : Processor reset is completed for microblaze_0
14:46:37 INFO  : microblaze_0 Processor is in use. Please stop existing Run or Debug sessions before launching.
14:46:40 INFO  : Processor reset is completed for microblaze_0
14:47:24 INFO  : microblaze_0 Processor is in use. Please stop existing Run or Debug sessions before launching.
14:47:26 INFO  : Processor reset is completed for microblaze_0
14:48:44 INFO  : microblaze_0 Processor is in use. Please stop existing Run or Debug sessions before launching.
14:48:46 INFO  : Processor reset is completed for microblaze_0
14:50:16 INFO  : microblaze_0 Processor is in use. Please stop existing Run or Debug sessions before launching.
14:50:19 INFO  : Processor reset is completed for microblaze_0
14:51:16 INFO  : microblaze_0 Processor is in use. Please stop existing Run or Debug sessions before launching.
14:51:18 INFO  : Processor reset is completed for microblaze_0
14:52:40 INFO  : microblaze_0 Processor is in use. Please stop existing Run or Debug sessions before launching.
14:52:42 INFO  : Processor reset is completed for microblaze_0
14:55:06 INFO  : microblaze_0 Processor is in use. Please stop existing Run or Debug sessions before launching.
14:55:08 INFO  : Processor reset is completed for microblaze_0
15:04:48 ERROR : Unexpected error while parsing XMD response ?: com.google.gson.JsonSyntaxException: com.google.gson.stream.MalformedJsonException: invalid number or unquoted string near 
